SpeechBrain system description
==============================
Python version:
3.8.12 | packaged by conda-forge | (default, Oct 12 2021, 21:59:51) 
[GCC 9.4.0]
==============================
Installed Python packages:
aiobotocore==2.2.0
aiohttp @ file:///home/conda/feedstock_root/build_artifacts/aiohttp_1637087019853/work
aioitertools @ file:///home/conda/feedstock_root/build_artifacts/aioitertools_1628428722576/work
aiosignal @ file:///home/conda/feedstock_root/build_artifacts/aiosignal_1636093929600/work
alabaster==0.7.12
anaconda-client @ file:///home/conda/feedstock_root/build_artifacts/anaconda-client_1632453752331/work
anaconda-project @ file:///home/conda/feedstock_root/build_artifacts/anaconda-project_1632773999114/work
anyio @ file:///home/conda/feedstock_root/build_artifacts/anyio_1637703192903/work/dist
appdirs @ file:///home/conda/feedstock_root/build_artifacts/appdirs_1603108395799/work
argh @ file:///home/conda/feedstock_root/build_artifacts/argh_1595627874344/work
argon2-cffi @ file:///home/conda/feedstock_root/build_artifacts/argon2-cffi_1636021380558/work
arrow @ file:///home/conda/feedstock_root/build_artifacts/arrow_1635261338479/work
asn1crypto @ file:///home/conda/feedstock_root/build_artifacts/asn1crypto_1595949944546/work
astroid @ file:///home/conda/feedstock_root/build_artifacts/astroid_1637713395172/work
astropy @ file:///home/conda/feedstock_root/build_artifacts/astropy_1637340919658/work
async-generator==1.10
async-timeout @ file:///home/conda/feedstock_root/build_artifacts/async-timeout_1637092647930/work
atomicwrites @ file:///home/conda/feedstock_root/build_artifacts/atomicwrites_1588182545583/work
attrs @ file:///home/conda/feedstock_root/build_artifacts/attrs_1620387926260/work
autolab-core==1.1.1
autopep8 @ file:///home/conda/feedstock_root/build_artifacts/autopep8_1615918605177/work
autovizwidget==0.19.1
awscli @ file:///tmp/awscli.tar.gz
Babel @ file:///home/conda/feedstock_root/build_artifacts/babel_1619719576210/work
backcall @ file:///home/conda/feedstock_root/build_artifacts/backcall_1592338393461/work
backports.functools-lru-cache @ file:///home/conda/feedstock_root/build_artifacts/backports.functools_lru_cache_1618230623929/work
backports.shutil-get-terminal-size==1.0.0
beautifulsoup4 @ file:///home/conda/feedstock_root/build_artifacts/beautifulsoup4_1631087867185/work
binaryornot==0.4.4
bitarray @ file:///home/conda/feedstock_root/build_artifacts/bitarray_1636074913723/work
bkcharts==0.2
black==19.10b0
bleach @ file:///home/conda/feedstock_root/build_artifacts/bleach_1629908509068/work
blis==0.7.6
bokeh @ file:///home/conda/feedstock_root/build_artifacts/bokeh_1637615139244/work
boto==2.49.0
boto3 @ file:///tmp/boto3.tar.gz
botocore @ file:///tmp/botocore.tar.gz
Bottleneck @ file:///home/conda/feedstock_root/build_artifacts/bottleneck_1636024215186/work
brotlipy @ file:///home/conda/feedstock_root/build_artifacts/brotlipy_1636012188166/work
cached-property @ file:///home/conda/feedstock_root/build_artifacts/cached_property_1615209429212/work
captum==0.4.1
catalogue==2.0.6
certifi==2021.10.8
cffi @ file:///home/conda/feedstock_root/build_artifacts/cffi_1636046063618/work
cfgv==3.3.1
chardet @ file:///home/conda/feedstock_root/build_artifacts/chardet_1635814844635/work
charset-normalizer @ file:///home/conda/feedstock_root/build_artifacts/charset-normalizer_1634057506004/work
click @ file:///home/conda/feedstock_root/build_artifacts/click_1635822600067/work
cloudpickle @ file:///home/conda/feedstock_root/build_artifacts/cloudpickle_1631273254894/work
clyent==1.2.2
colorama==0.4.3
colorlog==6.6.0
conda-pack @ file:///home/conda/feedstock_root/build_artifacts/conda-pack_1611097929029/work
contextlib2 @ file:///home/conda/feedstock_root/build_artifacts/contextlib2_1624848568296/work
cookiecutter==1.7.0
coverage==6.3.2
cryptography @ file:///home/conda/feedstock_root/build_artifacts/cryptography_1637648687087/work
cycler @ file:///home/conda/feedstock_root/build_artifacts/cycler_1635519461629/work
cymem==2.0.6
Cython @ file:///home/conda/feedstock_root/build_artifacts/cython_1635818386461/work
cytoolz==0.11.2
dask @ file:///home/conda/feedstock_root/build_artifacts/dask-core_1637368457847/work
debugpy @ file:///home/conda/feedstock_root/build_artifacts/debugpy_1636043259437/work
decorator @ file:///home/conda/feedstock_root/build_artifacts/decorator_1631346842025/work
defusedxml @ file:///home/conda/feedstock_root/build_artifacts/defusedxml_1615232257335/work
diff-match-patch @ file:///home/conda/feedstock_root/build_artifacts/diff-match-patch_1594679019945/work
dill==0.3.4
distlib==0.3.4
distributed @ file:///home/conda/feedstock_root/build_artifacts/distributed_1637378469370/work
docutils==0.15.2
dparse==0.5.1
entrypoints @ file:///home/conda/feedstock_root/build_artifacts/entrypoints_1605121927639/work/dist/entrypoints-0.3-py2.py3-none-any.whl
environment-kernels==1.1.1
et-xmlfile==1.0.1
fastai==2.1.10
fastcache @ file:///home/conda/feedstock_root/build_artifacts/fastcache_1636377055088/work
fastcore==1.3.29
fastprogress==1.0.2
filelock @ file:///home/conda/feedstock_root/build_artifacts/filelock_1637070794272/work
flake8==3.7.9
Flask @ file:///home/conda/feedstock_root/build_artifacts/flask_1633384704162/work
Flask-Cors==3.0.10
fonttools @ file:///home/conda/feedstock_root/build_artifacts/fonttools_1637702603984/work
freetype-py==2.2.0
frozenlist @ file:///home/conda/feedstock_root/build_artifacts/frozenlist_1636286638968/work
fsspec==2021.7.0
future @ file:///home/conda/feedstock_root/build_artifacts/future_1635819504071/work
gevent @ file:///home/conda/feedstock_root/build_artifacts/gevent_1636020441412/work
glob2==0.7
gmpy2==2.1.0rc1
google-pasta==0.2.0
greenlet @ file:///home/conda/feedstock_root/build_artifacts/greenlet_1635836784510/work
gssapi==1.7.3
h5py @ file:///home/conda/feedstock_root/build_artifacts/h5py_1637188190050/work
hdijupyterutils==0.19.1
HeapDict==1.0.1
horovod==0.23.0
html5lib @ file:///home/conda/feedstock_root/build_artifacts/html5lib_1592930327044/work
huggingface-hub==0.4.0
hyperopt==0.2.7
HyperPyYAML==1.0.0
hyperyaml==0.1
identify==2.4.12
idna @ file:///home/conda/feedstock_root/build_artifacts/idna_1609836280497/work
imagecodecs @ file:///home/conda/feedstock_root/build_artifacts/imagecodecs_1637750398734/work
imageio @ file:///home/conda/feedstock_root/build_artifacts/imageio_1594044661732/work
imagesize @ file:///home/conda/feedstock_root/build_artifacts/imagesize_1636492669893/work
importlib-metadata @ file:///home/conda/feedstock_root/build_artifacts/importlib-metadata_1636431522037/work
importlib-resources @ file:///home/conda/feedstock_root/build_artifacts/importlib_resources_1635615662634/work
inflection @ file:///home/conda/feedstock_root/build_artifacts/inflection_1598089801258/work
iniconfig @ file:///home/conda/feedstock_root/build_artifacts/iniconfig_1603384189793/work
intervaltree==3.0.2
ipykernel @ file:///home/conda/feedstock_root/build_artifacts/ipykernel_1636998258036/work/dist/ipykernel-6.5.0-py3-none-any.whl
ipyparallel @ file:///home/conda/feedstock_root/build_artifacts/ipyparallel_1636727991942/work
ipython @ file:///home/conda/feedstock_root/build_artifacts/ipython_1645888812427/work
ipython-genutils==0.2.0
ipywidgets @ file:///home/conda/feedstock_root/build_artifacts/ipywidgets_1631590360471/work
isort @ file:///home/conda/feedstock_root/build_artifacts/isort_1636447814597/work
itsdangerous @ file:///home/conda/feedstock_root/build_artifacts/itsdangerous_1621360792037/work
jdcal==1.4.1
jedi @ file:///home/conda/feedstock_root/build_artifacts/jedi_1635823949331/work
jeepney @ file:///home/conda/feedstock_root/build_artifacts/jeepney_1627546597665/work
Jinja2 @ file:///home/conda/feedstock_root/build_artifacts/jinja2_1636510082894/work
jinja2-time==0.2.0
jmespath @ file:///home/conda/feedstock_root/build_artifacts/jmespath_1589369830981/work
joblib @ file:///home/conda/feedstock_root/build_artifacts/joblib_1633637554808/work
json5 @ file:///home/conda/feedstock_root/build_artifacts/json5_1600692310011/work
jsonschema @ file:///home/conda/feedstock_root/build_artifacts/jsonschema_1636165360877/work
jupyter @ file:///home/conda/feedstock_root/build_artifacts/jupyter_1637233111631/work
jupyter-client @ file:///home/conda/feedstock_root/build_artifacts/jupyter_client_1637611911738/work
jupyter-console @ file:///home/conda/feedstock_root/build_artifacts/jupyter_console_1616560109969/work
jupyter-core @ file:///home/conda/feedstock_root/build_artifacts/jupyter_core_1636814262349/work
jupyter-server @ file:///home/conda/feedstock_root/build_artifacts/jupyter_server_1637640294255/work
jupyterlab @ file:///home/conda/feedstock_root/build_artifacts/jupyterlab_1637169796215/work
jupyterlab-pygments @ file:///home/conda/feedstock_root/build_artifacts/jupyterlab_pygments_1601375948261/work
jupyterlab-server @ file:///home/conda/feedstock_root/build_artifacts/jupyterlab_server_1632590716858/work
jupyterlab-widgets @ file:///home/conda/feedstock_root/build_artifacts/jupyterlab_widgets_1631590465624/work
keyring @ file:///home/conda/feedstock_root/build_artifacts/keyring_1636761950307/work
kiwisolver @ file:///home/conda/feedstock_root/build_artifacts/kiwisolver_1635836691365/work
krb5==0.3.0
langcodes==3.3.0
lazy-object-proxy @ file:///home/conda/feedstock_root/build_artifacts/lazy-object-proxy_1635853295040/work
libarchive-c @ file:///home/conda/feedstock_root/build_artifacts/python-libarchive-c_1637430175833/work/dist
llvmlite==0.36.0
locket==0.2.0
lxml==4.8.0
MarkupSafe @ file:///home/conda/feedstock_root/build_artifacts/markupsafe_1635833572614/work
matplotlib @ file:///home/conda/feedstock_root/build_artifacts/matplotlib-suite_1637205122833/work
matplotlib-inline @ file:///home/conda/feedstock_root/build_artifacts/matplotlib-inline_1631080358261/work
mccabe==0.6.1
mistune @ file:///home/conda/feedstock_root/build_artifacts/mistune_1635844675081/work
mkl-fft==1.3.1
mkl-random==1.2.2
mkl-service==2.4.0
mock @ file:///home/conda/feedstock_root/build_artifacts/mock_1635819534735/work
more-itertools @ file:///home/conda/feedstock_root/build_artifacts/more-itertools_1637732846337/work
mpi4py==3.0.3
mpmath @ file:///home/conda/feedstock_root/build_artifacts/mpmath_1612895720168/work
msgpack @ file:///home/conda/feedstock_root/build_artifacts/msgpack-python_1637771276381/work
multidict @ file:///home/conda/feedstock_root/build_artifacts/multidict_1636019077110/work
multipledispatch==0.6.0
multiprocess==0.70.12.2
munkres==1.1.4
murmurhash==1.0.6
mypy-extensions @ file:///home/conda/feedstock_root/build_artifacts/mypy_extensions_1635839660470/work
nb-conda @ file:///home/conda/feedstock_root/build_artifacts/nb_conda_1611345537163/work
nb-conda-kernels @ file:///home/conda/feedstock_root/build_artifacts/nb_conda_kernels_1636999995331/work
nbclassic @ file:///home/conda/feedstock_root/build_artifacts/nbclassic_1635436909771/work
nbclient @ file:///home/conda/feedstock_root/build_artifacts/nbclient_1637327213451/work
nbconvert @ file:///home/conda/feedstock_root/build_artifacts/nbconvert_1636897218307/work
nbformat @ file:///home/conda/feedstock_root/build_artifacts/nbformat_1617383142101/work
nest-asyncio @ file:///home/conda/feedstock_root/build_artifacts/nest-asyncio_1617163391303/work
networkx @ file:///home/conda/feedstock_root/build_artifacts/networkx_1635253012265/work
nltk @ file:///home/conda/feedstock_root/build_artifacts/nltk_1633955089856/work
nodeenv==1.6.0
nose @ file:///home/conda/feedstock_root/build_artifacts/nose_1602434998960/work
notebook @ file:///home/conda/feedstock_root/build_artifacts/notebook_1637122013008/work
numba @ file:///home/conda/feedstock_root/build_artifacts/numba_1623568544775/work
numexpr @ file:///home/conda/feedstock_root/build_artifacts/numexpr_1636286771429/work
numpy @ file:///tmp/build/80754af9/numpy_and_numpy_base_1634095647912/work
numpydoc @ file:///home/conda/feedstock_root/build_artifacts/numpydoc_1601580905698/work
olefile @ file:///home/conda/feedstock_root/build_artifacts/olefile_1602866521163/work
onnx==1.10.2
opencv-python==4.5.1.48
openpyxl @ file:///home/conda/feedstock_root/build_artifacts/openpyxl_1632332968451/work
packaging @ file:///home/conda/feedstock_root/build_artifacts/packaging_1637239678211/work
pandas==1.3.4
pandocfilters @ file:///home/conda/feedstock_root/build_artifacts/pandocfilters_1631603243851/work
parso==0.7.0
partd @ file:///home/conda/feedstock_root/build_artifacts/partd_1617910651905/work
path @ file:///home/conda/feedstock_root/build_artifacts/path_1635853174691/work
pathlib2 @ file:///home/conda/feedstock_root/build_artifacts/pathlib2_1635859479351/work
pathos==0.2.8
pathspec @ file:///home/conda/feedstock_root/build_artifacts/pathspec_1626613672358/work
pathtools==0.1.2
pathy==0.6.1
patsy @ file:///home/conda/feedstock_root/build_artifacts/patsy_1632667180946/work
pep8==1.7.1
pexpect @ file:///home/conda/feedstock_root/build_artifacts/pexpect_1602535608087/work
pickleshare @ file:///home/conda/feedstock_root/build_artifacts/pickleshare_1602536217715/work
Pillow==9.0.1
pkginfo @ file:///home/conda/feedstock_root/build_artifacts/pkginfo_1637342515370/work
platformdirs @ file:///home/conda/feedstock_root/build_artifacts/platformdirs_1630400214373/work
plotly==5.6.0
pluggy==0.13.1
ply==3.11
pooch @ file:///home/conda/feedstock_root/build_artifacts/pooch_1633958983611/work
pox==0.3.0
poyo==0.5.0
ppft==1.6.6.4
pre-commit==2.17.0
preshed==3.0.6
prometheus-client @ file:///home/conda/feedstock_root/build_artifacts/prometheus_client_1635538335951/work
prompt-toolkit @ file:///home/conda/feedstock_root/build_artifacts/prompt-toolkit_1636045889479/work
protobuf==3.19.4
protobuf3-to-dict==0.1.5
psutil @ file:///home/conda/feedstock_root/build_artifacts/psutil_1635822683783/work
psycopg2==2.9.2
ptyprocess @ file:///home/conda/feedstock_root/build_artifacts/ptyprocess_1609419310487/work/dist/ptyprocess-0.7.0-py2.py3-none-any.whl
py @ file:///home/conda/feedstock_root/build_artifacts/py_1636301881863/work
py4j==0.10.9.5
pyarrow==7.0.0
pyasn1==0.4.8
pycodestyle==2.5.0
pycollada==0.7.2
pycosat @ file:///home/conda/feedstock_root/build_artifacts/pycosat_1636020377748/work
pycparser @ file:///home/conda/feedstock_root/build_artifacts/pycparser_1636257122734/work
pycurl==7.44.1
pydantic==1.8.2
pydocstyle @ file:///home/conda/feedstock_root/build_artifacts/pydocstyle_1621377123289/work
pyerfa @ file:///home/conda/feedstock_root/build_artifacts/pyerfa_1636217373654/work
pyflakes==2.1.1
pyfunctional==1.4.3
pygal==2.4.0
pyglet==1.5.23
Pygments @ file:///home/conda/feedstock_root/build_artifacts/pygments_1629119114968/work
pyinstrument==3.4.2
pyinstrument-cext==0.2.4
pykerberos==1.2.1
pylint @ file:///home/conda/feedstock_root/build_artifacts/pylint_1631892890219/work
pyls-black @ file:///home/conda/feedstock_root/build_artifacts/pyls-black_1595615126037/work
pyls-spyder @ file:///home/conda/feedstock_root/build_artifacts/pyls-spyder_1613487177406/work
pynvml==8.0.4
pyodbc @ file:///home/conda/feedstock_root/build_artifacts/pyodbc_1636085466639/work
PyOpenGL==3.1.0
pyOpenSSL @ file:///home/conda/feedstock_root/build_artifacts/pyopenssl_1633192417276/work
pyparsing @ file:///home/conda/feedstock_root/build_artifacts/pyparsing_1636757021002/work
PyQt5==5.12.3
PyQt5_sip==4.19.18
PyQtChart==5.12
PyQtWebEngine==5.12.1
pyrender==0.1.45
pyrsistent @ file:///home/conda/feedstock_root/build_artifacts/pyrsistent_1636052595786/work
PySocks @ file:///home/conda/feedstock_root/build_artifacts/pysocks_1635862404924/work
pyspnego==0.5.0
pytest==5.4.1
python-dateutil @ file:///home/conda/feedstock_root/build_artifacts/python-dateutil_1626286286081/work
python-jsonrpc-server @ file:///home/conda/feedstock_root/build_artifacts/python-jsonrpc-server_1599827444631/work
python-language-server @ file:///home/conda/feedstock_root/build_artifacts/python-language-server_1607720213724/work
pytz @ file:///home/conda/feedstock_root/build_artifacts/pytz_1633452062248/work
PyWavelets @ file:///home/conda/feedstock_root/build_artifacts/pywavelets_1636446443244/work
pyxdg @ file:///home/conda/feedstock_root/build_artifacts/pyxdg_1621504358539/work
PyYAML==6.0
pyzmq @ file:///home/conda/feedstock_root/build_artifacts/pyzmq_1635877406326/work
QDarkStyle @ file:///home/conda/feedstock_root/build_artifacts/qdarkstyle_1617328841504/work
qstylizer @ file:///home/conda/feedstock_root/build_artifacts/qstylizer_1627619480283/work/dist/qstylizer-0.2.1-py2.py3-none-any.whl
QtAwesome @ file:///home/conda/feedstock_root/build_artifacts/qtawesome_1635880239280/work
qtconsole @ file:///home/conda/feedstock_root/build_artifacts/qtconsole_1637705715504/work
QtPy @ file:///home/conda/feedstock_root/build_artifacts/qtpy_1632440819550/work
regex @ file:///home/conda/feedstock_root/build_artifacts/regex_1636504134936/work
requests @ file:///home/conda/feedstock_root/build_artifacts/requests_1637771257551/work
requests-kerberos==0.14.0
rope @ file:///home/conda/feedstock_root/build_artifacts/rope_1637602230800/work
rsa==4.7.2
Rtree @ file:///home/conda/feedstock_root/build_artifacts/rtree_1637430736605/work
ruamel-yaml-conda @ file:///home/conda/feedstock_root/build_artifacts/ruamel_yaml_1636009157217/work
ruamel.yaml==0.17.21
ruamel.yaml.clib==0.2.6
s3fs==2021.7.0
s3transfer==0.5.2
safety==1.10.3
sagemaker @ file:///tmp/sagemaker.tar.gz
scikit-image==0.18.3
scikit-learn @ file:///home/conda/feedstock_root/build_artifacts/scikit-learn_1636784024552/work
scipy @ file:///home/conda/feedstock_root/build_artifacts/scipy_1636410384154/work
seaborn @ file:///home/conda/feedstock_root/build_artifacts/seaborn-split_1629095986539/work
SecretStorage @ file:///home/conda/feedstock_root/build_artifacts/secretstorage_1636696180826/work
Send2Trash @ file:///home/conda/feedstock_root/build_artifacts/send2trash_1628511208346/work
sentencepiece==0.1.96
setproctitle==1.2.2
shap==0.40.0
Shapely==1.8.1.post1
simplegeneric==0.8.1
singledispatch @ file:///home/conda/feedstock_root/build_artifacts/singledispatch_1614388326733/work
sip==4.19.25
six @ file:///home/conda/feedstock_root/build_artifacts/six_1620240208055/work
sklearn==0.0
slicer==0.0.7
smart-open==5.2.1
smclarify==0.2
smdebug==1.0.12
smdebug-rulesconfig==1.0.1
sniffio @ file:///home/conda/feedstock_root/build_artifacts/sniffio_1635844649950/work
snowballstemmer @ file:///home/conda/feedstock_root/build_artifacts/snowballstemmer_1637143057757/work
sortedcollections @ file:///home/conda/feedstock_root/build_artifacts/sortedcollections_1611011426343/work
sortedcontainers @ file:///home/conda/feedstock_root/build_artifacts/sortedcontainers_1621217038088/work
soupsieve @ file:///home/conda/feedstock_root/build_artifacts/soupsieve_1636121574387/work
spacy==3.2.3
spacy-legacy==3.0.9
spacy-loggers==1.0.1
sparkmagic==0.15.0
Sphinx @ file:///home/conda/feedstock_root/build_artifacts/sphinx_1636576116100/work
sphinxcontrib-applehelp==1.0.2
sphinxcontrib-devhelp==1.0.2
sphinxcontrib-htmlhelp @ file:///home/conda/feedstock_root/build_artifacts/sphinxcontrib-htmlhelp_1621704829796/work
sphinxcontrib-jsmath==1.0.1
sphinxcontrib-qthelp==1.0.3
sphinxcontrib-serializinghtml @ file:///home/conda/feedstock_root/build_artifacts/sphinxcontrib-serializinghtml_1637000050264/work
sphinxcontrib-websupport @ file:///home/conda/feedstock_root/build_artifacts/sphinxcontrib-websupport_1636966052463/work
spyder @ file:///home/conda/feedstock_root/build_artifacts/spyder_1627140945937/work
spyder-kernels @ file:///home/conda/feedstock_root/build_artifacts/spyder-kernels_1625331173960/work
SQLAlchemy @ file:///home/conda/feedstock_root/build_artifacts/sqlalchemy_1636657153355/work
srsly==2.4.2
statsmodels @ file:///home/conda/feedstock_root/build_artifacts/statsmodels_1636765185598/work
svg.path==5.0.1
sympy @ file:///home/conda/feedstock_root/build_artifacts/sympy_1636237086945/work
tables @ file:///home/conda/feedstock_root/build_artifacts/pytables_1630027033879/work
tabulate==0.8.9
tblib @ file:///home/conda/feedstock_root/build_artifacts/tblib_1616261298899/work
tenacity==8.0.1
terminado @ file:///home/conda/feedstock_root/build_artifacts/terminado_1636052221351/work
testpath @ file:///home/conda/feedstock_root/build_artifacts/testpath_1621261527237/work
textdistance @ file:///home/conda/feedstock_root/build_artifacts/textdistance_1635354148551/work
thinc==8.0.15
threadpoolctl @ file:///home/conda/feedstock_root/build_artifacts/threadpoolctl_1633102299089/work
three-merge @ file:///home/conda/feedstock_root/build_artifacts/three-merge_1595515817927/work
tifffile @ file:///home/conda/feedstock_root/build_artifacts/tifffile_1635944860688/work
tinycss2 @ file:///home/conda/feedstock_root/build_artifacts/tinycss2_1637612658783/work
toml @ file:///home/conda/feedstock_root/build_artifacts/toml_1604308577558/work
tomli @ file:///home/conda/feedstock_root/build_artifacts/tomli_1635181214134/work
toolz @ file:///home/conda/feedstock_root/build_artifacts/toolz_1636177962100/work
torch==1.10.0
torch-model-archiver @ file:///home/ubuntu/anaconda3/conda-bld/torch-model-archiver_1637193127403/work
torch-workflow-archiver @ file:///home/ubuntu/anaconda3/conda-bld/torch-workflow-archiver_1637193645825/work
torchaudio==0.10.0
torchserve @ file:///home/ubuntu/anaconda3/conda-bld/torchserve_1637192567302/work
torchtext==0.11.0
torchvision==0.11.1
tornado @ file:///home/conda/feedstock_root/build_artifacts/tornado_1635819587273/work
tqdm @ file:///home/conda/feedstock_root/build_artifacts/tqdm_1632160078689/work
traitlets @ file:///home/conda/feedstock_root/build_artifacts/traitlets_1635260543454/work
trimesh==3.10.5
typed-ast @ file:///home/conda/feedstock_root/build_artifacts/typed-ast_1636834311351/work
typer==0.4.0
typing_extensions @ file:///home/conda/feedstock_root/build_artifacts/typing_extensions_1637155965157/work
ujson @ file:///home/conda/feedstock_root/build_artifacts/ujson_1635855625188/work
unicodecsv==0.14.1
unicodedata2 @ file:///home/conda/feedstock_root/build_artifacts/unicodedata2_1637177672503/work
urllib3 @ file:///home/conda/feedstock_root/build_artifacts/urllib3_1632350318291/work
virtualenv==20.13.4
visualization==1.0.0
wasabi==0.9.0
watchdog @ file:///home/conda/feedstock_root/build_artifacts/watchdog_1636266503395/work
wcwidth @ file:///home/conda/feedstock_root/build_artifacts/wcwidth_1600965781394/work
webencodings==0.5.1
websocket-client @ file:///home/conda/feedstock_root/build_artifacts/websocket-client_1636990935427/work
Werkzeug==2.0.3
whichcraft==0.6.1
widgetsnbextension @ file:///home/conda/feedstock_root/build_artifacts/widgetsnbextension_1637174139311/work
wrapt @ file:///home/conda/feedstock_root/build_artifacts/wrapt_1635836386246/work
wurlitzer @ file:///home/conda/feedstock_root/build_artifacts/wurlitzer_1636132276097/work
xlrd @ file:///home/conda/feedstock_root/build_artifacts/xlrd_1610224409810/work
XlsxWriter @ file:///home/conda/feedstock_root/build_artifacts/xlsxwriter_1635765417798/work
xlwt==1.3.0
xxhash==3.0.0
yamllint==1.23.0
yapf @ file:///home/conda/feedstock_root/build_artifacts/yapf_1618790300295/work
yarl @ file:///home/conda/feedstock_root/build_artifacts/yarl_1636046814972/work
zict==2.0.0
zipp @ file:///home/conda/feedstock_root/build_artifacts/zipp_1633302054558/work
zope.event @ file:///home/conda/feedstock_root/build_artifacts/zope.event_1600479883063/work
zope.interface @ file:///home/conda/feedstock_root/build_artifacts/zope.interface_1635859578608/work
==============================
Git revision:
693ea44
==============================
Cuda version:
11.1