SpeechBrain system description
==============================
Python version:
3.9.4 | packaged by conda-forge | (default, May 10 2021, 22:13:33) 
[GCC 9.3.0]
==============================
Installed Python packages:
appdirs==1.4.4
attrs==21.4.0
black==19.10b0
brotlipy==0.7.0
certifi==2020.12.5
cffi @ file:///home/conda/feedstock_root/build_artifacts/cffi_1613413863336/work
cfgv==3.3.1
chardet @ file:///home/conda/feedstock_root/build_artifacts/chardet_1610093492116/work
click==8.0.4
conda==4.10.1
conda-package-handling @ file:///home/conda/feedstock_root/build_artifacts/conda-package-handling_1618231390031/work
cryptography @ file:///home/conda/feedstock_root/build_artifacts/cryptography_1616851485986/work
distlib==0.3.4
entrypoints==0.3
filelock==3.6.0
flake8==3.7.9
huggingface-hub==0.4.0
HyperPyYAML==1.0.0
identify==2.4.12
idna @ file:///home/conda/feedstock_root/build_artifacts/idna_1593328102638/work
joblib==1.1.0
mamba @ file:///home/conda/feedstock_root/build_artifacts/mamba_1620856587040/work
mccabe==0.6.1
more-itertools==8.12.0
nodeenv==1.6.0
numpy==1.22.3
packaging==21.3
pathspec==0.9.0
platformdirs==2.5.1
pluggy==0.13.1
pre-commit==2.17.0
py==1.11.0
pycodestyle==2.5.0
pycosat @ file:///home/conda/feedstock_root/build_artifacts/pycosat_1610094799048/work
pycparser @ file:///home/conda/feedstock_root/build_artifacts/pycparser_1593275161868/work
pyflakes==2.1.1
pyOpenSSL @ file:///home/conda/feedstock_root/build_artifacts/pyopenssl_1608055815057/work
pyparsing==3.0.7
PySocks @ file:///home/conda/feedstock_root/build_artifacts/pysocks_1610291451001/work
pytest==5.4.1
PyYAML==6.0
regex==2022.3.15
requests @ file:///home/conda/feedstock_root/build_artifacts/requests_1608156231189/work
ruamel-yaml-conda @ file:///home/conda/feedstock_root/build_artifacts/ruamel_yaml_1611943432947/work
ruamel.yaml==0.17.21
ruamel.yaml.clib==0.2.6
scipy==1.8.0
sentencepiece==0.1.96
six @ file:///home/conda/feedstock_root/build_artifacts/six_1620240208055/work
-e git+https://github.com/viswavi/speechbrain.git@87a12d09307f5a681031a89ce8d6d9e9539118a0#egg=speechbrain&subdirectory=../../speechbrain
toml==0.10.2
torch==1.10.1
torchaudio==0.10.1
tqdm @ file:///home/conda/feedstock_root/build_artifacts/tqdm_1621890532941/work
typed-ast==1.5.2
typing-extensions==4.1.1
urllib3 @ file:///home/conda/feedstock_root/build_artifacts/urllib3_1615828766818/work
virtualenv==20.13.4
wcwidth==0.2.5
yamllint==1.23.0
==============================
Git revision:
0d69fa1
==============================
Cuda version:
10.2